<?xml version="1.0" encoding="UTF-8"?>
<!-- Generated by org.testng.reporters.JUnitReportReporter -->
<testsuite skipped="0" hostname="TYSS-Manjappa" name="com.spotify.shows.Tc_01" tests="1" failures="0" timestamp="2023-01-08T14:02:58 IST" time="6.346" errors="0">
  <testcase name="shows" time="6.346" classname="com.spotify.shows.Tc_01"/>
  <system-out/>
</testsuite> <!-- com.spotify.shows.Tc_01 -->
