<?xml version="1.0" encoding="UTF-8"?>
<!-- Generated by org.testng.reporters.JUnitReportReporter -->
<testsuite skipped="0" hostname="TYSS-Manjappa" name="com.spotify.episodes.Check_User_Saved_Episod" tests="1" failures="0" timestamp="2023-01-07T16:33:36 IST" time="3.853" errors="0">
  <testcase name="episodes" time="3.853" classname="com.spotify.episodes.Check_User_Saved_Episod"/>
  <system-out/>
</testsuite> <!-- com.spotify.episodes.Check_User_Saved_Episod -->
