<?xml version="1.0" encoding="UTF-8"?>
<!-- Generated by org.testng.reporters.JUnitReportReporter -->
<testsuite skipped="0" hostname="TYSS-Manjappa" name="com.spotify.artists.Get_Several_Artists" tests="1" failures="0" timestamp="2023-01-07T15:47:57 IST" time="3.700" errors="0">
  <testcase name="album" time="3.700" classname="com.spotify.artists.Get_Several_Artists"/>
  <system-out/>
</testsuite> <!-- com.spotify.artists.Get_Several_Artists -->
