<?xml version="1.0" encoding="UTF-8"?>
<!-- Generated by org.testng.reporters.JUnitReportReporter -->
<testsuite skipped="0" hostname="TYSS-Manjappa" name="com.spotify.albums.GetAlbums" tests="1" failures="0" timestamp="2023-01-08T13:12:37 IST" time="3.827" errors="0">
  <testcase name="album" time="3.827" classname="com.spotify.albums.GetAlbums"/>
  <system-out/>
</testsuite> <!-- com.spotify.albums.GetAlbums -->
