<?xml version="1.0" encoding="UTF-8"?>
<!-- Generated by org.testng.reporters.JUnitReportReporter -->
<testsuite skipped="0" hostname="TYSS-Manjappa" name="com.spotify.playlist.Get_Playlist" tests="1" failures="0" timestamp="2023-01-08T15:28:24 IST" time="5.106" errors="0">
  <testcase name="shows" time="5.106" classname="com.spotify.playlist.Get_Playlist"/>
  <system-out/>
</testsuite> <!-- com.spotify.playlist.Get_Playlist -->
