<?xml version="1.0" encoding="UTF-8"?>
<!-- Generated by org.testng.reporters.JUnitReportReporter -->
<testsuite skipped="0" hostname="TYSS-Manjappa" name="com.spotify.shows.Get_User_Saved_Shows" tests="1" failures="0" timestamp="2023-01-05T10:44:43 IST" time="2.165" errors="0">
  <testcase name="shows" time="2.165" classname="com.spotify.shows.Get_User_Saved_Shows"/>
  <system-out/>
</testsuite> <!-- com.spotify.shows.Get_User_Saved_Shows -->
