<?xml version="1.0" encoding="UTF-8"?>
<!-- Generated by org.testng.reporters.JUnitReportReporter -->
<testsuite skipped="0" hostname="TYSS-Manjappa" name="com.spotify.markets.Markets" tests="1" failures="0" timestamp="2023-01-04T18:26:28 IST" time="1.656" errors="0">
  <testcase name="market" time="1.656" classname="com.spotify.markets.Markets"/>
  <system-out/>
</testsuite> <!-- com.spotify.markets.Markets -->
