<?xml version="1.0" encoding="UTF-8"?>
<!-- Generated by org.testng.reporters.JUnitReportReporter -->
<testsuite skipped="0" hostname="TYSS-Manjappa" name="com.spotify.playlist.Get_Playlist_Items" tests="1" failures="0" timestamp="2023-01-08T15:38:15 IST" time="3.968" errors="0">
  <testcase name="playlist" time="3.968" classname="com.spotify.playlist.Get_Playlist_Items"/>
  <system-out/>
</testsuite> <!-- com.spotify.playlist.Get_Playlist_Items -->
