<?xml version="1.0" encoding="UTF-8"?>
<!-- Generated by org.testng.reporters.JUnitReportReporter -->
<testsuite skipped="0" hostname="TYSS-Manjappa" name="com.spotify.users.FollowPlaylist" tests="1" failures="0" timestamp="2023-01-08T15:08:53 IST" time="3.616" errors="0">
  <testcase name="user" time="3.616" classname="com.spotify.users.FollowPlaylist"/>
  <system-out/>
</testsuite> <!-- com.spotify.users.FollowPlaylist -->
