<?xml version="1.0" encoding="UTF-8"?>
<!-- Generated by org.testng.reporters.JUnitReportReporter -->
<testsuite skipped="0" hostname="TYSS-Manjappa" name="com.spotify.albums.CheckUser_Saved_Albums" tests="1" failures="0" timestamp="2023-01-07T15:14:50 IST" time="3.545" errors="0">
  <testcase name="album" time="3.545" classname="com.spotify.albums.CheckUser_Saved_Albums"/>
  <system-out/>
</testsuite> <!-- com.spotify.albums.CheckUser_Saved_Albums -->
