<?xml version="1.0" encoding="UTF-8"?>
<!-- Generated by org.testng.reporters.JUnitReportReporter -->
<testsuite skipped="0" hostname="TYSS-Manjappa" name="com.spotify.autorization.RenewToken" tests="1" failures="0" timestamp="2023-01-08T15:42:42 IST" time="5.050" errors="0">
  <testcase name="get_Token" time="5.050" classname="com.spotify.autorization.RenewToken"/>
  <system-out/>
</testsuite> <!-- com.spotify.autorization.RenewToken -->
