<?xml version="1.0" encoding="UTF-8"?>
<!-- Generated by org.testng.reporters.JUnitReportReporter -->
<testsuite skipped="0" hostname="TYSS-Manjappa" name="com.spotify.shows.Get_A_Show" tests="1" failures="0" timestamp="2023-01-07T16:11:15 IST" time="4.568" errors="0">
  <testcase name="shows" time="4.568" classname="com.spotify.shows.Get_A_Show"/>
  <system-out/>
</testsuite> <!-- com.spotify.shows.Get_A_Show -->
