<?xml version="1.0" encoding="UTF-8"?>
<!-- Generated by org.testng.reporters.JUnitReportReporter -->
<testsuite skipped="0" hostname="TYSS-Manjappa" name="com.spotify.users.Get_User_Top_Items" tests="1" failures="0" timestamp="2023-01-06T17:31:38 IST" time="3.859" errors="0">
  <testcase name="user" time="3.859" classname="com.spotify.users.Get_User_Top_Items"/>
  <system-out/>
</testsuite> <!-- com.spotify.users.Get_User_Top_Items -->
