<?xml version="1.0" encoding="UTF-8"?>
<!-- Generated by org.testng.reporters.JUnitReportReporter -->
<testsuite skipped="0" hostname="TYSS-Manjappa" name="com.spotify.playlist.Get_Playlist_Details" tests="1" failures="0" timestamp="2023-01-04T18:10:41 IST" time="2.285" errors="0">
  <testcase name="playlists" time="2.285" classname="com.spotify.playlist.Get_Playlist_Details"/>
  <system-out/>
</testsuite> <!-- com.spotify.playlist.Get_Playlist_Details -->
