<?xml version="1.0" encoding="UTF-8"?>
<!-- Generated by org.testng.reporters.JUnitReportReporter -->
<testsuite skipped="0" hostname="TYSS-Manjappa" name="com.spotify.tracks.Tc_01" tests="1" failures="0" timestamp="2023-01-08T14:53:34 IST" time="6.977" errors="0">
  <testcase name="tracks" time="6.977" classname="com.spotify.tracks.Tc_01"/>
  <system-out/>
</testsuite> <!-- com.spotify.tracks.Tc_01 -->
