<?xml version="1.0" encoding="UTF-8"?>
<!-- Generated by org.testng.reporters.JUnitReportReporter -->
<testsuite skipped="0" hostname="TYSS-Manjappa" name="com.spotify.albums.Get_User_Saved_Albums" tests="1" failures="0" timestamp="2023-01-08T13:09:29 IST" time="3.552" errors="0">
  <testcase name="album" time="3.552" classname="com.spotify.albums.Get_User_Saved_Albums"/>
  <system-out/>
</testsuite> <!-- com.spotify.albums.Get_User_Saved_Albums -->
