<?xml version="1.0" encoding="UTF-8"?>
<!-- Generated by org.testng.reporters.JUnitReportReporter -->
<testsuite skipped="0" hostname="TYSS-Manjappa" name="com.spotify.artists.Get_Artist_Related_Artist" tests="1" failures="0" timestamp="2023-01-07T15:38:30 IST" time="3.832" errors="0">
  <testcase name="artist" time="3.832" classname="com.spotify.artists.Get_Artist_Related_Artist"/>
  <system-out/>
</testsuite> <!-- com.spotify.artists.Get_Artist_Related_Artist -->
