<?xml version="1.0" encoding="UTF-8"?>
<!-- Generated by org.testng.reporters.JUnitReportReporter -->
<testsuite skipped="0" hostname="TYSS-Manjappa" name="com.spotify.users.Get_User" tests="1" failures="0" timestamp="2023-01-06T17:13:22 IST" time="4.780" errors="0">
  <testcase name="user" time="4.780" classname="com.spotify.users.Get_User"/>
  <system-out/>
</testsuite> <!-- com.spotify.users.Get_User -->
