<?xml version="1.0" encoding="UTF-8"?>
<!-- Generated by org.testng.reporters.JUnitReportReporter -->
<testsuite skipped="0" hostname="TYSS-Manjappa" name="com.spotify.search.Search" tests="1" failures="0" timestamp="2023-01-07T15:58:33 IST" time="3.897" errors="0">
  <testcase name="search" time="3.897" classname="com.spotify.search.Search"/>
  <system-out/>
</testsuite> <!-- com.spotify.search.Search -->
