<?xml version="1.0" encoding="UTF-8"?>
<!-- Generated by org.testng.reporters.JUnitReportReporter -->
<testsuite skipped="0" hostname="TYSS-Manjappa" name="com.spotify.episodes.Get_A_Episode" tests="1" failures="0" timestamp="2023-01-07T16:36:54 IST" time="5.136" errors="0">
  <testcase name="shows" time="5.136" classname="com.spotify.episodes.Get_A_Episode"/>
  <system-out/>
</testsuite> <!-- com.spotify.episodes.Get_A_Episode -->
