<?xml version="1.0" encoding="UTF-8"?>
<!-- Generated by org.testng.reporters.JUnitReportReporter -->
<testsuite skipped="0" hostname="TYSS-Manjappa" name="com.spotify.categories.Single_Browse_Categories" tests="1" failures="0" timestamp="2023-01-04T18:33:02 IST" time="1.734" errors="0">
  <testcase name="categories" time="1.734" classname="com.spotify.categories.Single_Browse_Categories"/>
  <system-out/>
</testsuite> <!-- com.spotify.categories.Single_Browse_Categories -->
