<?xml version="1.0" encoding="UTF-8"?>
<!-- Generated by org.testng.reporters.JUnitReportReporter -->
<testsuite skipped="0" hostname="TYSS-Manjappa" name="com.spotify.albums.Get_A_Album" tests="1" failures="0" timestamp="2023-01-07T15:23:33 IST" time="4.651" errors="0">
  <testcase name="album" time="4.651" classname="com.spotify.albums.Get_A_Album"/>
  <system-out/>
</testsuite> <!-- com.spotify.albums.Get_A_Album -->
