<?xml version="1.0" encoding="UTF-8"?>
<!-- Generated by org.testng.reporters.JUnitReportReporter -->
<testsuite skipped="0" hostname="TYSS-Manjappa" name="com.spotify.tracks.Save_Track" tests="1" failures="0" timestamp="2023-01-08T14:45:38 IST" time="3.523" errors="0">
  <testcase name="tracks" time="3.523" classname="com.spotify.tracks.Save_Track"/>
  <system-out/>
</testsuite> <!-- com.spotify.tracks.Save_Track -->
