<?xml version="1.0" encoding="UTF-8"?>
<!-- Generated by org.testng.reporters.JUnitReportReporter -->
<testsuite skipped="0" hostname="TYSS-Manjappa" name="com.spotify.tracks.Get_A_Track" tests="1" failures="0" timestamp="2023-01-07T16:43:22 IST" time="4.379" errors="0">
  <testcase name="tracks" time="4.379" classname="com.spotify.tracks.Get_A_Track"/>
  <system-out/>
</testsuite> <!-- com.spotify.tracks.Get_A_Track -->
