<?xml version="1.0" encoding="UTF-8"?>
<!-- Generated by org.testng.reporters.JUnitReportReporter -->
<testsuite skipped="0" hostname="TYSS-Manjappa" name="com.spotify.playlist.Add_Itemsto_Playlists" tests="1" failures="0" timestamp="2023-01-08T15:20:36 IST" time="4.187" errors="0">
  <testcase name="user" time="4.187" classname="com.spotify.playlist.Add_Itemsto_Playlists"/>
  <system-out/>
</testsuite> <!-- com.spotify.playlist.Add_Itemsto_Playlists -->
