<?xml version="1.0" encoding="UTF-8"?>
<!-- Generated by org.testng.reporters.JUnitReportReporter -->
<testsuite skipped="0" hostname="TYSS-Manjappa" name="com.spotify.episodes.Tc_01" tests="1" failures="0" timestamp="2023-01-08T14:42:56 IST" time="8.716" errors="0">
  <testcase name="episodes" time="8.716" classname="com.spotify.episodes.Tc_01"/>
  <system-out/>
</testsuite> <!-- com.spotify.episodes.Tc_01 -->
