<?xml version="1.0" encoding="UTF-8"?>
<!-- Generated by org.testng.reporters.JUnitReportReporter -->
<testsuite skipped="0" hostname="TYSS-Manjappa" name="com.spotify.users.Get_Followed_Artist" tests="1" failures="0" timestamp="2023-01-08T15:09:44 IST" time="4.257" errors="0">
  <testcase name="user" time="4.257" classname="com.spotify.users.Get_Followed_Artist"/>
  <system-out/>
</testsuite> <!-- com.spotify.users.Get_Followed_Artist -->
