<?xml version="1.0" encoding="UTF-8"?>
<!-- Generated by org.testng.reporters.JUnitReportReporter -->
<testsuite skipped="0" hostname="TYSS-Manjappa" name="com.spotify.playlist.Create_Playlist" tests="1" failures="0" timestamp="2023-01-08T15:13:35 IST" time="5.009" errors="0">
  <testcase name="user" time="5.009" classname="com.spotify.playlist.Create_Playlist"/>
  <system-out/>
</testsuite> <!-- com.spotify.playlist.Create_Playlist -->
