<?xml version="1.0" encoding="UTF-8"?>
<!-- Generated by org.testng.reporters.JUnitReportReporter -->
<testsuite skipped="0" hostname="TYSS-Manjappa" name="com.spotify.tracks.Get_User_Saved_Albums" tests="1" failures="0" timestamp="2023-01-08T14:50:03 IST" time="4.044" errors="0">
  <testcase name="album" time="4.044" classname="com.spotify.tracks.Get_User_Saved_Albums"/>
  <system-out/>
</testsuite> <!-- com.spotify.tracks.Get_User_Saved_Albums -->
