<?xml version="1.0" encoding="UTF-8"?>
<!-- Generated by org.testng.reporters.JUnitReportReporter -->
<testsuite skipped="0" hostname="TYSS-Manjappa" name="com.spotify.albums.Tc_01" tests="1" failures="0" timestamp="2023-01-08T13:16:12 IST" time="7.613" errors="0">
  <testcase name="album" time="7.613" classname="com.spotify.albums.Tc_01"/>
  <system-out/>
</testsuite> <!-- com.spotify.albums.Tc_01 -->
