<?xml version="1.0" encoding="UTF-8"?>
<!-- Generated by org.testng.reporters.JUnitReportReporter -->
<testsuite skipped="0" hostname="TYSS-Manjappa" name="com.spotify.tracks.Get_User_Saved_Track" tests="1" failures="0" timestamp="2023-01-08T14:46:14 IST" time="3.898" errors="0">
  <testcase name="tracks" time="3.898" classname="com.spotify.tracks.Get_User_Saved_Track"/>
  <system-out/>
</testsuite> <!-- com.spotify.tracks.Get_User_Saved_Track -->
