<?xml version="1.0" encoding="UTF-8"?>
<!-- Generated by org.testng.reporters.JUnitReportReporter -->
<testsuite skipped="0" hostname="TYSS-Manjappa" name="com.spotify.shows.Check_User_Saved_Shows" tests="1" failures="0" timestamp="2023-01-07T16:08:28 IST" time="3.716" errors="0">
  <testcase name="shows" time="3.716" classname="com.spotify.shows.Check_User_Saved_Shows"/>
  <system-out/>
</testsuite> <!-- com.spotify.shows.Check_User_Saved_Shows -->
