<?xml version="1.0" encoding="UTF-8"?>
<!-- Generated by org.testng.reporters.JUnitReportReporter -->
<testsuite skipped="0" hostname="TYSS-Manjappa" name="com.spotify.artists.Get_Artist" tests="1" failures="0" timestamp="2023-01-07T15:39:51 IST" time="3.883" errors="0">
  <testcase name="artist" time="3.883" classname="com.spotify.artists.Get_Artist"/>
  <system-out/>
</testsuite> <!-- com.spotify.artists.Get_Artist -->
