<?xml version="1.0" encoding="UTF-8"?>
<!-- Generated by org.testng.reporters.JUnitReportReporter -->
<testsuite skipped="0" hostname="TYSS-Manjappa" name="com.spotify.tracks.Get_Several_Tracks" tests="1" failures="0" timestamp="2023-01-07T16:46:23 IST" time="4.203" errors="0">
  <testcase name="tracks" time="4.203" classname="com.spotify.tracks.Get_Several_Tracks"/>
  <system-out/>
</testsuite> <!-- com.spotify.tracks.Get_Several_Tracks -->
