<?xml version="1.0" encoding="UTF-8"?>
<!-- Generated by org.testng.reporters.JUnitReportReporter -->
<testsuite skipped="0" hostname="TYSS-Manjappa" name="com.spotify.episodes.Get_Sevral_Episodes" tests="1" failures="0" timestamp="2023-01-07T16:37:30 IST" time="3.665" errors="0">
  <testcase name="episodes" time="3.665" classname="com.spotify.episodes.Get_Sevral_Episodes"/>
  <system-out/>
</testsuite> <!-- com.spotify.episodes.Get_Sevral_Episodes -->
