<?xml version="1.0" encoding="UTF-8"?>
<!-- Generated by org.testng.reporters.JUnitReportReporter -->
<testsuite skipped="0" hostname="TYSS-Manjappa" name="com.spotify.albums.Remove_User_Saved_Albums" tests="1" failures="0" timestamp="2023-01-07T15:29:58 IST" time="4.062" errors="0">
  <testcase name="album" time="4.062" classname="com.spotify.albums.Remove_User_Saved_Albums"/>
  <system-out/>
</testsuite> <!-- com.spotify.albums.Remove_User_Saved_Albums -->
