<?xml version="1.0" encoding="UTF-8"?>
<!-- Generated by org.testng.reporters.JUnitReportReporter -->
<testsuite skipped="0" hostname="TYSS-Manjappa" name="com.spotify.albums.Saved_Albumsfor_user" tests="1" failures="0" timestamp="2023-01-08T12:57:59 IST" time="3.488" errors="0">
  <testcase name="album" time="3.488" classname="com.spotify.albums.Saved_Albumsfor_user"/>
  <system-out/>
</testsuite> <!-- com.spotify.albums.Saved_Albumsfor_user -->
