<?xml version="1.0" encoding="UTF-8"?>
<!-- Generated by org.testng.reporters.JUnitReportReporter -->
<testsuite skipped="0" hostname="TYSS-Manjappa" name="com.spotify.artists.Artist_TopTrack" tests="1" failures="0" timestamp="2023-01-07T15:36:08 IST" time="3.845" errors="0">
  <testcase name="artist" time="3.845" classname="com.spotify.artists.Artist_TopTrack"/>
  <system-out/>
</testsuite> <!-- com.spotify.artists.Artist_TopTrack -->
