<?xml version="1.0" encoding="UTF-8"?>
<!-- Generated by org.testng.reporters.JUnitReportReporter -->
<testsuite skipped="0" hostname="TYSS-Manjappa" name="com.spotify.shows.Save_Shows" tests="1" failures="0" timestamp="2023-01-08T13:56:52 IST" time="3.426" errors="0">
  <testcase name="shows" time="3.426" classname="com.spotify.shows.Save_Shows"/>
  <system-out/>
</testsuite> <!-- com.spotify.shows.Save_Shows -->
