<?xml version="1.0" encoding="UTF-8"?>
<!-- Generated by org.testng.reporters.JUnitReportReporter -->
<testsuite skipped="0" hostname="TYSS-Manjappa" name="com.spotify.tracks.CheckUser_Saved_Tracks" tests="1" failures="0" timestamp="2023-01-08T14:46:29 IST" time="4.303" errors="0">
  <testcase name="album" time="4.303" classname="com.spotify.tracks.CheckUser_Saved_Tracks"/>
  <system-out/>
</testsuite> <!-- com.spotify.tracks.CheckUser_Saved_Tracks -->
