<?xml version="1.0" encoding="UTF-8"?>
<!-- Generated by org.testng.reporters.JUnitReportReporter -->
<testsuite skipped="0" hostname="TYSS-Manjappa" name="com.spotify.shows.Get_Several_Shows" tests="1" failures="0" timestamp="2023-01-07T16:14:04 IST" time="3.654" errors="0">
  <testcase name="shows" time="3.654" classname="com.spotify.shows.Get_Several_Shows"/>
  <system-out/>
</testsuite> <!-- com.spotify.shows.Get_Several_Shows -->
