<?xml version="1.0" encoding="UTF-8"?>
<!-- Generated by org.testng.reporters.JUnitReportReporter -->
<testsuite skipped="0" hostname="TYSS-Manjappa" name="com.spotify.episodes.Get_User_Saved_Episodes" tests="1" failures="0" timestamp="2023-01-05T11:29:45 IST" time="4.417" errors="0">
  <testcase name="episode" time="4.417" classname="com.spotify.episodes.Get_User_Saved_Episodes"/>
  <system-out/>
</testsuite> <!-- com.spotify.episodes.Get_User_Saved_Episodes -->
